<?xml version="1.0" encoding="UTF-8"?>
<testng-results skipped="0" failed="0" total="1" passed="1">
  <reporter-output>
  </reporter-output>
  <suite name="Default suite" duration-ms="39748" started-at="2016-10-22T21:07:14Z" finished-at="2016-10-22T21:07:54Z">
    <groups>
    </groups>
    <test name="Default test" duration-ms="39748" started-at="2016-10-22T21:07:14Z" finished-at="2016-10-22T21:07:54Z">
      <class name="com.Interview.links.DragAndDrop">
        <test-method status="PASS" signature="setup()[pri:0, instance:com.Interview.links.DragAndDrop@4f933fd1]" name="setup" duration-ms="39709" started-at="2016-10-23T02:37:14Z" finished-at="2016-10-23T02:37:54Z">
          <reporter-output>
          </reporter-output>
        </test-method> <!-- setup -->
      </class> <!-- com.Interview.links.DragAndDrop -->
    </test> <!-- Default test -->
  </suite> <!-- Default suite -->
</testng-results>
